<?xml version="1.0" encoding="UTF-8"?>
<!-- Generated by org.testng.reporters.JUnitReportReporter -->
<testsuite hostname="DESKTOP-NJ1DKED" failures="0" tests="1" name="Live_DoBigAllEvents.Live_Webinar" time="20.050" errors="0" timestamp="2024-12-18T10:48:55 IST" skipped="0">
  <testcase classname="Live_DoBigAllEvents.Live_Webinar" name="testLoadWebinar" time="20.050"/>
</testsuite> <!-- Live_DoBigAllEvents.Live_Webinar -->
