<?xml version="1.0" encoding="UTF-8"?>
<!-- Generated by org.testng.reporters.JUnitReportReporter -->
<testsuite hostname="SHUBHAM10433" failures="0" tests="1" name="Live_All.Live_CloudAndSaas" time="10.425" errors="0" timestamp="2025-01-08T15:11:58 IST" skipped="0">
  <testcase classname="Live_All.Live_CloudAndSaas" name="testLoadArticles" time="10.425"/>
</testsuite> <!-- Live_All.Live_CloudAndSaas -->
