<?xml version="1.0" encoding="UTF-8"?>
<!-- Generated by org.testng.reporters.JUnitReportReporter -->
<testsuite hostname="SHUBHAM10433" failures="0" tests="1" name="migration_All.Migration_CaseStudies" time="112.679" errors="0" timestamp="2025-01-23T11:43:24 IST" skipped="0">
  <testcase classname="migration_All.Migration_CaseStudies" name="testLoadCaseStudies" time="112.679"/>
</testsuite> <!-- migration_All.Migration_CaseStudies -->
