<?xml version="1.0" encoding="UTF-8"?>
<!-- Generated by org.testng.reporters.JUnitReportReporter -->
<testsuite hostname="SHUBHAM10433" failures="0" tests="1" name="pageScroller.PageScroller" time="99.754" errors="0" timestamp="2025-01-23T11:27:15 IST" skipped="0">
  <testcase classname="pageScroller.PageScroller" name="testLoadArticles" time="99.754"/>
</testsuite> <!-- pageScroller.PageScroller -->
