<?xml version="1.0" encoding="UTF-8"?>
<!-- Generated by org.testng.reporters.JUnitReportReporter -->
<testsuite hostname="DESKTOP-NJ1DKED" failures="0" tests="1" name="package1.Live_Brochures" time="16.829" errors="0" timestamp="2024-12-11T14:39:49 IST" skipped="0">
  <testcase classname="package1.Live_Brochures" name="testLoadBrochures" time="16.829"/>
</testsuite> <!-- package1.Live_Brochures -->
