<?xml version="1.0" encoding="UTF-8"?>
<!-- Generated by org.testng.reporters.JUnitReportReporter -->
<testsuite hostname="SHUBHAM10433" failures="0" tests="1" name="migration_All.Migration_Whitepapers" time="19.962" errors="0" timestamp="2025-01-29T18:48:11 IST" skipped="0">
  <testcase classname="migration_All.Migration_Whitepapers" name="testLoadWhitePapers" time="19.962"/>
</testsuite> <!-- migration_All.Migration_Whitepapers -->
