<?xml version="1.0" encoding="UTF-8"?>
<!-- Generated by org.testng.reporters.JUnitReportReporter -->
<testsuite hostname="DESKTOP-NJ1DKED" failures="0" tests="1" name="migration_DoBigEvents.Migration_Symposium" time="12.963" errors="0" timestamp="2024-12-18T11:55:59 IST" skipped="0">
  <testcase classname="migration_DoBigEvents.Migration_Symposium" name="testLoadSymposium" time="12.963"/>
</testsuite> <!-- migration_DoBigEvents.Migration_Symposium -->
