<?xml version="1.0" encoding="UTF-8"?>
<!-- Generated by org.testng.reporters.JUnitReportReporter -->
<testsuite hostname="DESKTOP-NJ1DKED" failures="0" tests="1" name="migration_All.Migration_Podcasts" time="15.253" errors="0" timestamp="2024-12-17T17:08:13 IST" skipped="0">
  <testcase classname="migration_All.Migration_Podcasts" name="testLoadPodcasts" time="15.253"/>
</testsuite> <!-- migration_All.Migration_Podcasts -->
