<?xml version="1.0" encoding="UTF-8"?>
<!-- Generated by org.testng.reporters.JUnitReportReporter -->
<testsuite hostname="SHUBHAM10433" failures="0" tests="1" name="migration_All.Migration_Articles" time="96.160" errors="0" timestamp="2025-01-22T17:54:50 IST" skipped="0">
  <testcase classname="migration_All.Migration_Articles" name="testLoadArticles" time="96.160"/>
</testsuite> <!-- migration_All.Migration_Articles -->
