<?xml version="1.0" encoding="UTF-8"?>
<!-- Generated by org.testng.reporters.JUnitReportReporter -->
<testsuite hostname="SHUBHAM10433" failures="0" tests="1" name="bannerImageCheck.BannerImage" time="413.642" errors="0" timestamp="2025-01-22T10:51:37 IST" skipped="0">
  <testcase classname="bannerImageCheck.BannerImage" name="mainMethod" time="413.642"/>
</testsuite> <!-- bannerImageCheck.BannerImage -->
