<?xml version="1.0" encoding="UTF-8"?>
<!-- Generated by org.testng.reporters.JUnitReportReporter -->
<testsuite hostname="DESKTOP-NJ1DKED" failures="0" tests="1" name="Live_All.Live_Infographics" time="17.335" errors="0" timestamp="2024-12-17T15:35:14 IST" skipped="0">
  <testcase classname="Live_All.Live_Infographics" name="testLoadInfographics" time="17.335"/>
</testsuite> <!-- Live_All.Live_Infographics -->
