<?xml version="1.0" encoding="UTF-8"?>
<!-- Generated by org.testng.reporters.JUnitReportReporter -->
<testsuite hostname="SHUBHAM10433" failures="0" tests="1" name="Live_All.Live_Whitepapers" time="19.884" errors="0" timestamp="2025-01-29T18:45:05 IST" skipped="0">
  <testcase classname="Live_All.Live_Whitepapers" name="testLoadWhitePapers" time="19.884"/>
</testsuite> <!-- Live_All.Live_Whitepapers -->
