<?xml version="1.0" encoding="UTF-8"?>
<!-- Generated by org.testng.reporters.JUnitReportReporter -->
<testsuite hostname="DESKTOP-NJ1DKED" failures="0" tests="1" name="migration_All.Migration_Infographics" time="17.241" errors="0" timestamp="2024-12-17T15:36:55 IST" skipped="0">
  <testcase classname="migration_All.Migration_Infographics" name="testLoadInfographics" time="17.241"/>
</testsuite> <!-- migration_All.Migration_Infographics -->
