<?xml version="1.0" encoding="UTF-8"?>
<!-- Generated by org.testng.reporters.JUnitReportReporter -->
<testsuite hostname="SHUBHAM10433" failures="0" tests="1" name="pageScroller.PageScroller" time="98.035" errors="0" timestamp="2025-01-31T09:54:58 IST" skipped="0">
  <testcase classname="pageScroller.PageScroller" name="testLoadArticles" time="98.035"/>
</testsuite> <!-- pageScroller.PageScroller -->
