<?xml version="1.0" encoding="UTF-8"?>
<!-- Generated by org.testng.reporters.JUnitReportReporter -->
<testsuite hostname="SHUBHAM10433" failures="0" tests="1" name="Live_All.Live_Brochures" time="20.087" errors="0" timestamp="2025-01-13T15:19:31 IST" skipped="0">
  <testcase classname="Live_All.Live_Brochures" name="testLoadBrochures" time="20.087"/>
</testsuite> <!-- Live_All.Live_Brochures -->
