<?xml version="1.0" encoding="UTF-8"?>
<!-- Generated by org.testng.reporters.JUnitReportReporter -->
<testsuite hostname="SHUBHAM10433" failures="0" tests="1" name="migration_All.Migrations_CloudAndSaas" time="10.892" errors="0" timestamp="2025-01-08T15:13:46 IST" skipped="0">
  <testcase classname="migration_All.Migrations_CloudAndSaas" name="testLoadArticles" time="10.892"/>
</testsuite> <!-- migration_All.Migrations_CloudAndSaas -->
