<?xml version="1.0" encoding="UTF-8"?>
<!-- Generated by org.testng.reporters.JUnitReportReporter -->
<testsuite hostname="DESKTOP-NJ1DKED" failures="0" tests="1" name="migration_DoBigEvents.Migration_DoBigStories" time="14.902" errors="0" timestamp="2024-12-18T11:00:48 IST" skipped="0">
  <testcase classname="migration_DoBigEvents.Migration_DoBigStories" name="testLoadStories" time="14.902"/>
</testsuite> <!-- migration_DoBigEvents.Migration_DoBigStories -->
