<?xml version="1.0" encoding="UTF-8"?>
<!-- Generated by org.testng.reporters.JUnitReportReporter -->
<testsuite hostname="SHUBHAM10433" failures="0" tests="1" name="imageChecker.ImageChecker" time="85.816" errors="0" timestamp="2025-01-22T15:12:53 IST" skipped="0">
  <testcase classname="imageChecker.ImageChecker" name="checkImagesOnPages" time="85.816"/>
</testsuite> <!-- imageChecker.ImageChecker -->
