<?xml version="1.0" encoding="UTF-8"?>
<!-- Generated by org.testng.reporters.JUnitReportReporter -->
<testsuite hostname="SHUBHAM10433" failures="0" tests="1" name="Live_All.Live_CaseStudies" time="109.578" errors="0" timestamp="2025-01-30T18:58:57 IST" skipped="0">
  <testcase classname="Live_All.Live_CaseStudies" name="testLoadCaseStudies" time="109.578"/>
</testsuite> <!-- Live_All.Live_CaseStudies -->
