<?xml version="1.0" encoding="UTF-8"?>
<!-- Generated by org.testng.reporters.JUnitReportReporter -->
<testsuite hostname="DESKTOP-NJ1DKED" failures="0" tests="1" name="Live_DoBigAllEvents.Live_DoBigConclave" time="12.845" errors="0" timestamp="2024-12-18T12:01:08 IST" skipped="0">
  <testcase classname="Live_DoBigAllEvents.Live_DoBigConclave" name="testLoadDoBigConclave" time="12.845"/>
</testsuite> <!-- Live_DoBigAllEvents.Live_DoBigConclave -->
