<?xml version="1.0" encoding="UTF-8"?>
<!-- Generated by org.testng.reporters.JUnitReportReporter -->
<testsuite hostname="DESKTOP-NJ1DKED" failures="0" tests="1" name="Live_DoBigAllEvents.Live_CxoRound" time="31.272" errors="0" timestamp="2024-12-18T11:21:19 IST" skipped="0">
  <testcase classname="Live_DoBigAllEvents.Live_CxoRound" name="testLoadCxoRound" time="31.272"/>
</testsuite> <!-- Live_DoBigAllEvents.Live_CxoRound -->
