<?xml version="1.0" encoding="UTF-8"?>
<!-- Generated by org.testng.reporters.JUnitReportReporter -->
<testsuite hostname="SHUBHAM10433" failures="0" tests="1" name="migration_All.Migration_Brochures" time="19.723" errors="0" timestamp="2025-01-13T15:52:02 IST" skipped="0">
  <testcase classname="migration_All.Migration_Brochures" name="testLoadBrochures" time="19.723"/>
</testsuite> <!-- migration_All.Migration_Brochures -->
