<?xml version="1.0" encoding="UTF-8"?>
<!-- Generated by org.testng.reporters.JUnitReportReporter -->
<testsuite hostname="SHUBHAM10433" failures="0" tests="1" name="migration_All.Migration_Articles" time="94.481" errors="0" timestamp="2025-01-31T10:27:12 IST" skipped="0">
  <testcase classname="migration_All.Migration_Articles" name="testLoadArticles" time="94.481"/>
</testsuite> <!-- migration_All.Migration_Articles -->
