<?xml version="1.0" encoding="UTF-8"?>
<!-- Generated by org.testng.reporters.JUnitReportReporter -->
<testsuite hostname="DESKTOP-NJ1DKED" failures="0" tests="1" name="Live_DoBigAllEvents.Live_Symposium" time="12.816" errors="0" timestamp="2024-12-18T11:54:18 IST" skipped="0">
  <testcase classname="Live_DoBigAllEvents.Live_Symposium" name="testLoadSymposium" time="12.816"/>
</testsuite> <!-- Live_DoBigAllEvents.Live_Symposium -->
