<?xml version="1.0" encoding="UTF-8"?>
<!-- Generated by org.testng.reporters.JUnitReportReporter -->
<testsuite hostname="DESKTOP-NJ1DKED" failures="0" tests="1" name="Live_All.Live_CaseStudies2" time="20.177" errors="0" timestamp="2024-12-13T12:31:40 IST" skipped="0">
  <testcase classname="Live_All.Live_CaseStudies2" name="testLoadCaseStudies" time="20.177"/>
</testsuite> <!-- Live_All.Live_CaseStudies2 -->
