<?xml version="1.0" encoding="UTF-8"?>
<!-- Generated by org.testng.reporters.JUnitReportReporter -->
<testsuite hostname="SHUBHAM10433" failures="0" tests="1" name="Live_All.Live_Article" time="97.765" errors="0" timestamp="2025-01-31T10:24:12 IST" skipped="0">
  <testcase classname="Live_All.Live_Article" name="testLoadArticles" time="97.765"/>
</testsuite> <!-- Live_All.Live_Article -->
