<?xml version="1.0" encoding="UTF-8"?>
<!-- Generated by org.testng.reporters.JUnitReportReporter -->
<testsuite hostname="DESKTOP-NJ1DKED" failures="0" tests="1" name="Live_DoBigAllEvents.Live_DoBigStories" time="14.605" errors="0" timestamp="2024-12-18T10:57:17 IST" skipped="0">
  <testcase classname="Live_DoBigAllEvents.Live_DoBigStories" name="testLoadStories" time="14.605"/>
</testsuite> <!-- Live_DoBigAllEvents.Live_DoBigStories -->
