<?xml version="1.0" encoding="UTF-8"?>
<!-- Generated by org.testng.reporters.JUnitReportReporter -->
<testsuite hostname="DESKTOP-NJ1DKED" failures="0" tests="1" name="Live_All.Live_Podcasts" time="24.466" errors="0" timestamp="2024-12-17T17:06:46 IST" skipped="0">
  <testcase classname="Live_All.Live_Podcasts" name="testLoadPodcasts" time="24.466"/>
</testsuite> <!-- Live_All.Live_Podcasts -->
