<?xml version="1.0" encoding="UTF-8"?>
<!-- Generated by org.testng.reporters.JUnitReportReporter -->
<testsuite hostname="DESKTOP-NJ1DKED" failures="0" tests="1" name="migration_DoBigEvents.Migration_Webinar" time="17.080" errors="0" timestamp="2024-12-18T10:50:47 IST" skipped="0">
  <testcase classname="migration_DoBigEvents.Migration_Webinar" name="testLoadWebinar" time="17.080"/>
</testsuite> <!-- migration_DoBigEvents.Migration_Webinar -->
