<?xml version="1.0" encoding="UTF-8"?>
<!-- Generated by org.testng.reporters.JUnitReportReporter -->
<testsuite hostname="SHUBHAM10433" failures="0" tests="1" name="Live_All.Live_CaseStudies" time="111.846" errors="0" timestamp="2025-01-23T11:30:40 IST" skipped="0">
  <testcase classname="Live_All.Live_CaseStudies" name="testLoadCaseStudies" time="111.846"/>
</testsuite> <!-- Live_All.Live_CaseStudies -->
