<?xml version="1.0" encoding="UTF-8"?>
<!-- Generated by org.testng.reporters.JUnitReportReporter -->
<testsuite hostname="DESKTOP-NJ1DKED" failures="0" tests="1" name="migration_DoBigEvents.Migration_DoBigConclave" time="12.880" errors="0" timestamp="2024-12-18T12:02:27 IST" skipped="0">
  <testcase classname="migration_DoBigEvents.Migration_DoBigConclave" name="testLoadDoBigConclave" time="12.880"/>
</testsuite> <!-- migration_DoBigEvents.Migration_DoBigConclave -->
