<?xml version="1.0" encoding="UTF-8"?>
<!-- Generated by org.testng.reporters.JUnitReportReporter -->
<testsuite hostname="DESKTOP-NJ1DKED" failures="0" tests="1" name="Live_All.Live_knowledgehub" time="219.829" errors="0" timestamp="2024-12-11T14:55:11 IST" skipped="0">
  <testcase classname="Live_All.Live_knowledgehub" name="testLoadCaseStudies" time="219.829"/>
</testsuite> <!-- Live_All.Live_knowledgehub -->
