<?xml version="1.0" encoding="UTF-8"?>
<!-- Generated by org.testng.reporters.JUnitReportReporter -->
<testsuite hostname="SHUBHAM10433" failures="0" tests="1" name="bannerImageCheck.ImageChecker" time="14.926" errors="0" timestamp="2025-01-23T11:06:21 IST" skipped="0">
  <testcase classname="bannerImageCheck.ImageChecker" name="checkImagesOnPages" time="14.926"/>
</testsuite> <!-- bannerImageCheck.ImageChecker -->
