<?xml version="1.0" encoding="UTF-8"?>
<!-- Generated by org.testng.reporters.JUnitReportReporter -->
<testsuite hostname="SHUBHAM10433" failures="0" tests="1" name="Live_All.Live_Features" time="13.297" errors="0" timestamp="2025-01-13T15:42:17 IST" skipped="0">
  <testcase classname="Live_All.Live_Features" name="testLoadBrochures" time="13.297"/>
</testsuite> <!-- Live_All.Live_Features -->
