<?xml version="1.0" encoding="UTF-8"?>
<!-- Generated by org.testng.reporters.JUnitReportReporter -->
<testsuite hostname="SHUBHAM10433" failures="0" tests="1" name="migration_All.Migrations_Features" time="13.140" errors="0" timestamp="2025-01-13T15:50:50 IST" skipped="0">
  <testcase classname="migration_All.Migrations_Features" name="testLoadBrochures" time="13.140"/>
</testsuite> <!-- migration_All.Migrations_Features -->
